<?xml version="1.0" encoding="UTF-8"?>
<testng-results skipped="0" failed="0" ignored="0" total="1" passed="1">
  <reporter-output>
  </reporter-output>
  <suite name="Default suite" duration-ms="23603" started-at="2022-03-14T14:20:41 IST" finished-at="2022-03-14T14:21:05 IST">
    <groups>
    </groups>
    <test name="Default test" duration-ms="23603" started-at="2022-03-14T14:20:41 IST" finished-at="2022-03-14T14:21:05 IST">
      <class name="customer.CustomerRegister">
        <test-method status="PASS" signature="setUp()[pri:0, instance:customer.CustomerRegister@7ee8290b]" name="setUp" is-config="true" duration-ms="13621" started-at="2022-03-14T14:20:28 IST" finished-at="2022-03-14T14:20:41 IST">
          <reporter-output>
          </reporter-output>
        </test-method> <!-- setUp -->
        <test-method status="PASS" signature="a_login()[pri:0, instance:customer.CustomerRegister@7ee8290b]" name="a_login" duration-ms="22421" started-at="2022-03-14T14:20:41 IST" finished-at="2022-03-14T14:21:04 IST">
          <reporter-output>
          </reporter-output>
        </test-method> <!-- a_login -->
        <test-method status="PASS" signature="tearDown()[pri:0, instance:customer.CustomerRegister@7ee8290b]" name="tearDown" is-config="true" duration-ms="2455" started-at="2022-03-14T14:21:05 IST" finished-at="2022-03-14T14:21:07 IST">
          <reporter-output>
          </reporter-output>
        </test-method> <!-- tearDown -->
      </class> <!-- customer.CustomerRegister -->
    </test> <!-- Default test -->
  </suite> <!-- Default suite -->
</testng-results>
